<?xml version="1.0" encoding="UTF-8"?>
<coverage generated="1775244587682" clover="3.2.0">
  <project timestamp="1775244587682" name="All files">
    <metrics statements="55" coveredstatements="53" conditionals="44" coveredconditionals="41" methods="27" coveredmethods="27" elements="126" coveredelements="121" complexity="0" loc="55" ncloc="55" packages="1" files="1" classes="1"/>
    <file name="businessLogic.js" path="/workspace/src/businessLogic.js">
      <metrics statements="55" coveredstatements="53" conditionals="44" coveredconditionals="41" methods="27" coveredmethods="27"/>
      <line num="6" count="2" type="stmt"/>
      <line num="33" count="2" type="stmt"/>
      <line num="60" count="4" type="stmt"/>
      <line num="67" count="4" type="cond" truecount="2" falsecount="0"/>
      <line num="74" count="45" type="stmt"/>
      <line num="75" count="45" type="cond" truecount="2" falsecount="0"/>
      <line num="76" count="1" type="stmt"/>
      <line num="79" count="44" type="stmt"/>
      <line num="91" count="152" type="cond" truecount="2" falsecount="0"/>
      <line num="92" count="2" type="stmt"/>
      <line num="94" count="150" type="cond" truecount="2" falsecount="0"/>
      <line num="95" count="1" type="stmt"/>
      <line num="99" count="149" type="stmt"/>
      <line num="100" count="149" type="stmt"/>
      <line num="102" count="149" type="stmt"/>
      <line num="109" count="4" type="cond" truecount="2" falsecount="0"/>
      <line num="110" count="1" type="stmt"/>
      <line num="112" count="3" type="cond" truecount="1" falsecount="1"/>
      <line num="113" count="0" type="stmt"/>
      <line num="116" count="3" type="stmt"/>
      <line num="123" count="7" type="stmt"/>
      <line num="124" count="7" type="stmt"/>
      <line num="125" count="33" type="stmt"/>
      <line num="126" count="33" type="cond" truecount="2" falsecount="0"/>
      <line num="127" count="27" type="cond" truecount="2" falsecount="0"/>
      <line num="128" count="21" type="cond" truecount="2" falsecount="0"/>
      <line num="129" count="12" type="cond" truecount="2" falsecount="0"/>
      <line num="130" count="6" type="cond" truecount="1" falsecount="1"/>
      <line num="131" count="0" type="stmt"/>
      <line num="139" count="9" type="stmt"/>
      <line num="140" count="18" type="cond" truecount="2" falsecount="0"/>
      <line num="141" count="9" type="stmt"/>
      <line num="148" count="5" type="stmt"/>
      <line num="149" count="14" type="cond" truecount="2" falsecount="0"/>
      <line num="150" count="5" type="stmt"/>
      <line num="157" count="6" type="stmt"/>
      <line num="164" count="12" type="cond" truecount="2" falsecount="0"/>
      <line num="171" count="6" type="cond" truecount="2" falsecount="0"/>
      <line num="178" count="2" type="stmt"/>
      <line num="185" count="2" type="stmt"/>
      <line num="192" count="7" type="stmt"/>
      <line num="208" count="4" type="stmt"/>
      <line num="209" count="6" type="cond" truecount="2" falsecount="0"/>
      <line num="219" count="7" type="cond" truecount="2" falsecount="0"/>
      <line num="220" count="1" type="stmt"/>
      <line num="224" count="6" type="stmt"/>
      <line num="225" count="6" type="stmt"/>
      <line num="226" count="9" type="stmt"/>
      <line num="227" count="9" type="stmt"/>
      <line num="228" count="51" type="cond" truecount="2" falsecount="0"/>
      <line num="229" count="1" type="stmt"/>
      <line num="234" count="5" type="stmt"/>
      <line num="241" count="2" type="stmt"/>
      <line num="242" count="2" type="stmt"/>
      <line num="245" count="2" type="stmt"/>
    </file>
  </project>
</coverage>
