{"/workspace/src/businessLogic.js": {"path":"/workspace/src/businessLogic.js","statementMap":{"0":{"start":{"line":6,"column":24},"end":{"line":27,"column":1}},"1":{"start":{"line":33,"column":23},"end":{"line":54,"column":1}},"2":{"start":{"line":60,"column":4},"end":{"line":60,"column":40}},"3":{"start":{"line":67,"column":4},"end":{"line":67,"column":49}},"4":{"start":{"line":74,"column":19},"end":{"line":74,"column":44}},"5":{"start":{"line":75,"column":4},"end":{"line":77,"column":5}},"6":{"start":{"line":76,"column":8},"end":{"line":76,"column":61}},"7":{"start":{"line":79,"column":4},"end":{"line":84,"column":19}},"8":{"start":{"line":91,"column":4},"end":{"line":93,"column":5}},"9":{"start":{"line":92,"column":8},"end":{"line":92,"column":72}},"10":{"start":{"line":94,"column":4},"end":{"line":96,"column":5}},"11":{"start":{"line":95,"column":8},"end":{"line":95,"column":70}},"12":{"start":{"line":99,"column":24},"end":{"line":99,"column":61}},"13":{"start":{"line":100,"column":28},"end":{"line":100,"column":68}},"14":{"start":{"line":102,"column":4},"end":{"line":102,"column":51}},"15":{"start":{"line":109,"column":4},"end":{"line":111,"column":5}},"16":{"start":{"line":110,"column":8},"end":{"line":110,"column":72}},"17":{"start":{"line":112,"column":4},"end":{"line":114,"column":5}},"18":{"start":{"line":113,"column":8},"end":{"line":113,"column":70}},"19":{"start":{"line":116,"column":4},"end":{"line":116,"column":69}},"20":{"start":{"line":123,"column":16},"end":{"line":123,"column":26}},"21":{"start":{"line":124,"column":4},"end":{"line":132,"column":7}},"22":{"start":{"line":125,"column":23},"end":{"line":125,"column":45}},"23":{"start":{"line":126,"column":8},"end":{"line":126,"column":48}},"24":{"start":{"line":126,"column":36},"end":{"line":126,"column":48}},"25":{"start":{"line":127,"column":8},"end":{"line":127,"column":88}},"26":{"start":{"line":127,"column":37},"end":{"line":127,"column":88}},"27":{"start":{"line":128,"column":8},"end":{"line":128,"column":90}},"28":{"start":{"line":128,"column":38},"end":{"line":128,"column":90}},"29":{"start":{"line":129,"column":8},"end":{"line":129,"column":92}},"30":{"start":{"line":129,"column":40},"end":{"line":129,"column":92}},"31":{"start":{"line":130,"column":8},"end":{"line":130,"column":90}},"32":{"start":{"line":130,"column":37},"end":{"line":130,"column":90}},"33":{"start":{"line":131,"column":8},"end":{"line":131,"column":20}},"34":{"start":{"line":139,"column":4},"end":{"line":141,"column":55}},"35":{"start":{"line":140,"column":21},"end":{"line":140,"column":63}},"36":{"start":{"line":141,"column":28},"end":{"line":141,"column":50}},"37":{"start":{"line":148,"column":4},"end":{"line":150,"column":55}},"38":{"start":{"line":149,"column":21},"end":{"line":149,"column":64}},"39":{"start":{"line":150,"column":28},"end":{"line":150,"column":50}},"40":{"start":{"line":157,"column":4},"end":{"line":157,"column":38}},"41":{"start":{"line":164,"column":4},"end":{"line":164,"column":82}},"42":{"start":{"line":164,"column":36},"end":{"line":164,"column":80}},"43":{"start":{"line":171,"column":4},"end":{"line":171,"column":83}},"44":{"start":{"line":171,"column":36},"end":{"line":171,"column":81}},"45":{"start":{"line":178,"column":4},"end":{"line":178,"column":69}},"46":{"start":{"line":178,"column":42},"end":{"line":178,"column":64}},"47":{"start":{"line":185,"column":4},"end":{"line":185,"column":75}},"48":{"start":{"line":185,"column":48},"end":{"line":185,"column":70}},"49":{"start":{"line":192,"column":4},"end":{"line":201,"column":6}},"50":{"start":{"line":208,"column":4},"end":{"line":212,"column":6}},"51":{"start":{"line":209,"column":8},"end":{"line":211,"column":16}},"52":{"start":{"line":219,"column":4},"end":{"line":221,"column":5}},"53":{"start":{"line":220,"column":8},"end":{"line":220,"column":72}},"54":{"start":{"line":224,"column":27},"end":{"line":224,"column":82}},"55":{"start":{"line":225,"column":4},"end":{"line":232,"column":5}},"56":{"start":{"line":225,"column":17},"end":{"line":225,"column":18}},"57":{"start":{"line":226,"column":21},"end":{"line":226,"column":28}},"58":{"start":{"line":227,"column":8},"end":{"line":231,"column":9}},"59":{"start":{"line":228,"column":12},"end":{"line":230,"column":13}},"60":{"start":{"line":229,"column":16},"end":{"line":229,"column":104}},"61":{"start":{"line":234,"column":4},"end":{"line":234,"column":40}},"62":{"start":{"line":241,"column":17},"end":{"line":241,"column":55}},"63":{"start":{"line":242,"column":4},"end":{"line":242,"column":36}},"64":{"start":{"line":245,"column":0},"end":{"line":266,"column":2}}},"fnMap":{"0":{"name":"getSupportedCurrencies","decl":{"start":{"line":59,"column":9},"end":{"line":59,"column":31}},"loc":{"start":{"line":59,"column":34},"end":{"line":61,"column":1}},"line":59},"1":{"name":"getCurrencyDetails","decl":{"start":{"line":66,"column":9},"end":{"line":66,"column":27}},"loc":{"start":{"line":66,"column":42},"end":{"line":68,"column":1}},"line":66},"2":{"name":"formatMoney","decl":{"start":{"line":73,"column":9},"end":{"line":73,"column":20}},"loc":{"start":{"line":73,"column":44},"end":{"line":85,"column":1}},"line":73},"3":{"name":"convertCurrency","decl":{"start":{"line":90,"column":9},"end":{"line":90,"column":24}},"loc":{"start":{"line":90,"column":59},"end":{"line":103,"column":1}},"line":90},"4":{"name":"getExchangeRate","decl":{"start":{"line":108,"column":9},"end":{"line":108,"column":24}},"loc":{"start":{"line":108,"column":51},"end":{"line":117,"column":1}},"line":108},"5":{"name":"filterTransactionsByPeriod","decl":{"start":{"line":122,"column":9},"end":{"line":122,"column":35}},"loc":{"start":{"line":122,"column":64},"end":{"line":133,"column":1}},"line":122},"6":{"name":"(anonymous_6)","decl":{"start":{"line":124,"column":31},"end":{"line":124,"column":32}},"loc":{"start":{"line":124,"column":37},"end":{"line":132,"column":5}},"line":124},"7":{"name":"calculateTotalIncome","decl":{"start":{"line":138,"column":9},"end":{"line":138,"column":29}},"loc":{"start":{"line":138,"column":44},"end":{"line":142,"column":1}},"line":138},"8":{"name":"(anonymous_8)","decl":{"start":{"line":140,"column":16},"end":{"line":140,"column":17}},"loc":{"start":{"line":140,"column":21},"end":{"line":140,"column":63}},"line":140},"9":{"name":"(anonymous_9)","decl":{"start":{"line":141,"column":16},"end":{"line":141,"column":17}},"loc":{"start":{"line":141,"column":28},"end":{"line":141,"column":50}},"line":141},"10":{"name":"calculateTotalExpense","decl":{"start":{"line":147,"column":9},"end":{"line":147,"column":30}},"loc":{"start":{"line":147,"column":45},"end":{"line":151,"column":1}},"line":147},"11":{"name":"(anonymous_11)","decl":{"start":{"line":149,"column":16},"end":{"line":149,"column":17}},"loc":{"start":{"line":149,"column":21},"end":{"line":149,"column":64}},"line":149},"12":{"name":"(anonymous_12)","decl":{"start":{"line":150,"column":16},"end":{"line":150,"column":17}},"loc":{"start":{"line":150,"column":28},"end":{"line":150,"column":50}},"line":150},"13":{"name":"calculateNetBalance","decl":{"start":{"line":156,"column":9},"end":{"line":156,"column":28}},"loc":{"start":{"line":156,"column":56},"end":{"line":158,"column":1}},"line":156},"14":{"name":"getUnpaidDebts","decl":{"start":{"line":163,"column":9},"end":{"line":163,"column":23}},"loc":{"start":{"line":163,"column":38},"end":{"line":165,"column":1}},"line":163},"15":{"name":"(anonymous_15)","decl":{"start":{"line":164,"column":31},"end":{"line":164,"column":32}},"loc":{"start":{"line":164,"column":36},"end":{"line":164,"column":80}},"line":164},"16":{"name":"getUnpaidLiabilities","decl":{"start":{"line":170,"column":9},"end":{"line":170,"column":29}},"loc":{"start":{"line":170,"column":44},"end":{"line":172,"column":1}},"line":170},"17":{"name":"(anonymous_17)","decl":{"start":{"line":171,"column":31},"end":{"line":171,"column":32}},"loc":{"start":{"line":171,"column":36},"end":{"line":171,"column":81}},"line":171},"18":{"name":"calculateTotalOwedToYou","decl":{"start":{"line":177,"column":9},"end":{"line":177,"column":32}},"loc":{"start":{"line":177,"column":46},"end":{"line":179,"column":1}},"line":177},"19":{"name":"(anonymous_19)","decl":{"start":{"line":178,"column":30},"end":{"line":178,"column":31}},"loc":{"start":{"line":178,"column":42},"end":{"line":178,"column":64}},"line":178},"20":{"name":"calculateTotalYouOwe","decl":{"start":{"line":184,"column":9},"end":{"line":184,"column":29}},"loc":{"start":{"line":184,"column":49},"end":{"line":186,"column":1}},"line":184},"21":{"name":"(anonymous_21)","decl":{"start":{"line":185,"column":36},"end":{"line":185,"column":37}},"loc":{"start":{"line":185,"column":48},"end":{"line":185,"column":70}},"line":185},"22":{"name":"createTransaction","decl":{"start":{"line":191,"column":9},"end":{"line":191,"column":26}},"loc":{"start":{"line":191,"column":72},"end":{"line":202,"column":1}},"line":191},"23":{"name":"markTransactionAsPaid","decl":{"start":{"line":207,"column":9},"end":{"line":207,"column":30}},"loc":{"start":{"line":207,"column":49},"end":{"line":213,"column":1}},"line":207},"24":{"name":"(anonymous_24)","decl":{"start":{"line":208,"column":28},"end":{"line":208,"column":29}},"loc":{"start":{"line":209,"column":8},"end":{"line":211,"column":16}},"line":209},"25":{"name":"validateImportData","decl":{"start":{"line":218,"column":9},"end":{"line":218,"column":27}},"loc":{"start":{"line":218,"column":34},"end":{"line":235,"column":1}},"line":218},"26":{"name":"generateExportFilename","decl":{"start":{"line":240,"column":9},"end":{"line":240,"column":31}},"loc":{"start":{"line":240,"column":64},"end":{"line":243,"column":1}},"line":240}},"branchMap":{"0":{"loc":{"start":{"line":67,"column":11},"end":{"line":67,"column":48}},"type":"binary-expr","locations":[{"start":{"line":67,"column":11},"end":{"line":67,"column":40}},{"start":{"line":67,"column":44},"end":{"line":67,"column":48}}],"line":67},"1":{"loc":{"start":{"line":73,"column":26},"end":{"line":73,"column":42}},"type":"default-arg","locations":[{"start":{"line":73,"column":37},"end":{"line":73,"column":42}}],"line":73},"2":{"loc":{"start":{"line":75,"column":4},"end":{"line":77,"column":5}},"type":"if","locations":[{"start":{"line":75,"column":4},"end":{"line":77,"column":5}},{"start":{},"end":{}}],"line":75},"3":{"loc":{"start":{"line":91,"column":4},"end":{"line":93,"column":5}},"type":"if","locations":[{"start":{"line":91,"column":4},"end":{"line":93,"column":5}},{"start":{},"end":{}}],"line":91},"4":{"loc":{"start":{"line":94,"column":4},"end":{"line":96,"column":5}},"type":"if","locations":[{"start":{"line":94,"column":4},"end":{"line":96,"column":5}},{"start":{},"end":{}}],"line":94},"5":{"loc":{"start":{"line":109,"column":4},"end":{"line":111,"column":5}},"type":"if","locations":[{"start":{"line":109,"column":4},"end":{"line":111,"column":5}},{"start":{},"end":{}}],"line":109},"6":{"loc":{"start":{"line":112,"column":4},"end":{"line":114,"column":5}},"type":"if","locations":[{"start":{"line":112,"column":4},"end":{"line":114,"column":5}},{"start":{},"end":{}}],"line":112},"7":{"loc":{"start":{"line":126,"column":8},"end":{"line":126,"column":48}},"type":"if","locations":[{"start":{"line":126,"column":8},"end":{"line":126,"column":48}},{"start":{},"end":{}}],"line":126},"8":{"loc":{"start":{"line":127,"column":8},"end":{"line":127,"column":88}},"type":"if","locations":[{"start":{"line":127,"column":8},"end":{"line":127,"column":88}},{"start":{},"end":{}}],"line":127},"9":{"loc":{"start":{"line":128,"column":8},"end":{"line":128,"column":90}},"type":"if","locations":[{"start":{"line":128,"column":8},"end":{"line":128,"column":90}},{"start":{},"end":{}}],"line":128},"10":{"loc":{"start":{"line":129,"column":8},"end":{"line":129,"column":92}},"type":"if","locations":[{"start":{"line":129,"column":8},"end":{"line":129,"column":92}},{"start":{},"end":{}}],"line":129},"11":{"loc":{"start":{"line":130,"column":8},"end":{"line":130,"column":90}},"type":"if","locations":[{"start":{"line":130,"column":8},"end":{"line":130,"column":90}},{"start":{},"end":{}}],"line":130},"12":{"loc":{"start":{"line":140,"column":21},"end":{"line":140,"column":63}},"type":"binary-expr","locations":[{"start":{"line":140,"column":21},"end":{"line":140,"column":40}},{"start":{"line":140,"column":44},"end":{"line":140,"column":63}}],"line":140},"13":{"loc":{"start":{"line":149,"column":21},"end":{"line":149,"column":64}},"type":"binary-expr","locations":[{"start":{"line":149,"column":21},"end":{"line":149,"column":41}},{"start":{"line":149,"column":45},"end":{"line":149,"column":64}}],"line":149},"14":{"loc":{"start":{"line":164,"column":36},"end":{"line":164,"column":80}},"type":"binary-expr","locations":[{"start":{"line":164,"column":36},"end":{"line":164,"column":55}},{"start":{"line":164,"column":59},"end":{"line":164,"column":80}}],"line":164},"15":{"loc":{"start":{"line":171,"column":36},"end":{"line":171,"column":81}},"type":"binary-expr","locations":[{"start":{"line":171,"column":36},"end":{"line":171,"column":56}},{"start":{"line":171,"column":60},"end":{"line":171,"column":81}}],"line":171},"16":{"loc":{"start":{"line":193,"column":12},"end":{"line":193,"column":89}},"type":"cond-expr","locations":[{"start":{"line":193,"column":32},"end":{"line":193,"column":51}},{"start":{"line":193,"column":54},"end":{"line":193,"column":89}}],"line":193},"17":{"loc":{"start":{"line":199,"column":16},"end":{"line":199,"column":35}},"type":"binary-expr","locations":[{"start":{"line":199,"column":16},"end":{"line":199,"column":22}},{"start":{"line":199,"column":26},"end":{"line":199,"column":35}}],"line":199},"18":{"loc":{"start":{"line":200,"column":17},"end":{"line":200,"column":53}},"type":"cond-expr","locations":[{"start":{"line":200,"column":39},"end":{"line":200,"column":46}},{"start":{"line":200,"column":49},"end":{"line":200,"column":53}}],"line":200},"19":{"loc":{"start":{"line":209,"column":8},"end":{"line":211,"column":16}},"type":"cond-expr","locations":[{"start":{"line":210,"column":14},"end":{"line":210,"column":76}},{"start":{"line":211,"column":14},"end":{"line":211,"column":16}}],"line":209},"20":{"loc":{"start":{"line":219,"column":4},"end":{"line":221,"column":5}},"type":"if","locations":[{"start":{"line":219,"column":4},"end":{"line":221,"column":5}},{"start":{},"end":{}}],"line":219},"21":{"loc":{"start":{"line":228,"column":12},"end":{"line":230,"column":13}},"type":"if","locations":[{"start":{"line":228,"column":12},"end":{"line":230,"column":13}},{"start":{},"end":{}}],"line":228},"22":{"loc":{"start":{"line":240,"column":32},"end":{"line":240,"column":62}},"type":"default-arg","locations":[{"start":{"line":240,"column":41},"end":{"line":240,"column":62}}],"line":240}},"s":{"0":2,"1":2,"2":4,"3":4,"4":45,"5":45,"6":1,"7":44,"8":152,"9":2,"10":150,"11":1,"12":149,"13":149,"14":149,"15":4,"16":1,"17":3,"18":0,"19":3,"20":7,"21":7,"22":33,"23":33,"24":6,"25":27,"26":6,"27":21,"28":9,"29":12,"30":6,"31":6,"32":6,"33":0,"34":9,"35":18,"36":9,"37":5,"38":14,"39":5,"40":6,"41":2,"42":12,"43":1,"44":6,"45":1,"46":2,"47":1,"48":2,"49":7,"50":4,"51":6,"52":7,"53":1,"54":6,"55":6,"56":6,"57":9,"58":9,"59":51,"60":1,"61":5,"62":2,"63":2,"64":2},"f":{"0":4,"1":4,"2":45,"3":152,"4":4,"5":7,"6":33,"7":9,"8":18,"9":9,"10":5,"11":14,"12":5,"13":6,"14":2,"15":12,"16":1,"17":6,"18":1,"19":2,"20":1,"21":2,"22":7,"23":4,"24":6,"25":7,"26":2},"b":{"0":[4,1],"1":[1],"2":[1,44],"3":[2,150],"4":[1,149],"5":[1,3],"6":[0,3],"7":[6,27],"8":[6,21],"9":[9,12],"10":[6,6],"11":[6,0],"12":[18,11],"13":[14,7],"14":[12,6],"15":[6,3],"16":[7,0],"17":[7,3],"18":[1,6],"19":[3,3],"20":[1,6],"21":[1,50],"22":[1]},"_coverageSchema":"1a1c01bbd47fc00a2c39e90264f33305004495a9","hash":"a68dfe294a939e771d16e489faa93378b548b73a"}
}
