TN:
SF:src/businessLogic.js
FN:59,getSupportedCurrencies
FN:66,getCurrencyDetails
FN:73,formatMoney
FN:90,convertCurrency
FN:108,getExchangeRate
FN:122,filterTransactionsByPeriod
FN:124,(anonymous_6)
FN:138,calculateTotalIncome
FN:140,(anonymous_8)
FN:141,(anonymous_9)
FN:147,calculateTotalExpense
FN:149,(anonymous_11)
FN:150,(anonymous_12)
FN:156,calculateNetBalance
FN:163,getUnpaidDebts
FN:164,(anonymous_15)
FN:170,getUnpaidLiabilities
FN:171,(anonymous_17)
FN:177,calculateTotalOwedToYou
FN:178,(anonymous_19)
FN:184,calculateTotalYouOwe
FN:185,(anonymous_21)
FN:191,createTransaction
FN:207,markTransactionAsPaid
FN:208,(anonymous_24)
FN:218,validateImportData
FN:240,generateExportFilename
FNF:27
FNH:27
FNDA:4,getSupportedCurrencies
FNDA:4,getCurrencyDetails
FNDA:45,formatMoney
FNDA:152,convertCurrency
FNDA:4,getExchangeRate
FNDA:7,filterTransactionsByPeriod
FNDA:33,(anonymous_6)
FNDA:9,calculateTotalIncome
FNDA:18,(anonymous_8)
FNDA:9,(anonymous_9)
FNDA:5,calculateTotalExpense
FNDA:14,(anonymous_11)
FNDA:5,(anonymous_12)
FNDA:6,calculateNetBalance
FNDA:2,getUnpaidDebts
FNDA:12,(anonymous_15)
FNDA:1,getUnpaidLiabilities
FNDA:6,(anonymous_17)
FNDA:1,calculateTotalOwedToYou
FNDA:2,(anonymous_19)
FNDA:1,calculateTotalYouOwe
FNDA:2,(anonymous_21)
FNDA:7,createTransaction
FNDA:4,markTransactionAsPaid
FNDA:6,(anonymous_24)
FNDA:7,validateImportData
FNDA:2,generateExportFilename
DA:6,2
DA:33,2
DA:60,4
DA:67,4
DA:74,45
DA:75,45
DA:76,1
DA:79,44
DA:91,152
DA:92,2
DA:94,150
DA:95,1
DA:99,149
DA:100,149
DA:102,149
DA:109,4
DA:110,1
DA:112,3
DA:113,0
DA:116,3
DA:123,7
DA:124,7
DA:125,33
DA:126,33
DA:127,27
DA:128,21
DA:129,12
DA:130,6
DA:131,0
DA:139,9
DA:140,18
DA:141,9
DA:148,5
DA:149,14
DA:150,5
DA:157,6
DA:164,12
DA:171,6
DA:178,2
DA:185,2
DA:192,7
DA:208,4
DA:209,6
DA:219,7
DA:220,1
DA:224,6
DA:225,6
DA:226,9
DA:227,9
DA:228,51
DA:229,1
DA:234,5
DA:241,2
DA:242,2
DA:245,2
LF:55
LH:53
BRDA:67,0,0,4
BRDA:67,0,1,1
BRDA:73,1,0,1
BRDA:75,2,0,1
BRDA:75,2,1,44
BRDA:91,3,0,2
BRDA:91,3,1,150
BRDA:94,4,0,1
BRDA:94,4,1,149
BRDA:109,5,0,1
BRDA:109,5,1,3
BRDA:112,6,0,0
BRDA:112,6,1,3
BRDA:126,7,0,6
BRDA:126,7,1,27
BRDA:127,8,0,6
BRDA:127,8,1,21
BRDA:128,9,0,9
BRDA:128,9,1,12
BRDA:129,10,0,6
BRDA:129,10,1,6
BRDA:130,11,0,6
BRDA:130,11,1,0
BRDA:140,12,0,18
BRDA:140,12,1,11
BRDA:149,13,0,14
BRDA:149,13,1,7
BRDA:164,14,0,12
BRDA:164,14,1,6
BRDA:171,15,0,6
BRDA:171,15,1,3
BRDA:193,16,0,7
BRDA:193,16,1,0
BRDA:199,17,0,7
BRDA:199,17,1,3
BRDA:200,18,0,1
BRDA:200,18,1,6
BRDA:209,19,0,3
BRDA:209,19,1,3
BRDA:219,20,0,1
BRDA:219,20,1,6
BRDA:228,21,0,1
BRDA:228,21,1,50
BRDA:240,22,0,1
BRF:44
BRH:41
end_of_record
